<?xml version="1.0" encoding="UTF-8"?>
<!-- Generated by org.testng.reporters.JUnitReportReporter -->
<testsuite hostname="Debayudh-HP" failures="0" tests="3" name="tests.LoginTest" time="22.434" errors="0" timestamp="2025-04-10T18:16:27 IST" skipped="0">
  <testcase classname="tests.LoginTest" name="testLogin" time="6.302"/>
  <system-out/>
  <testcase classname="tests.LoginTest" name="testLogin" time="7.605"/>
  <system-out/>
  <testcase classname="tests.LoginTest" name="testLogin" time="8.527"/>
  <system-out/>
</testsuite> <!-- tests.LoginTest -->
