<?xml version="1.0" encoding="UTF-8"?>
<!-- Generated by org.testng.reporters.JUnitReportReporter -->
<testsuite hostname="Debayudh-HP" failures="0" tests="3" name="tests.LoginTest" time="23.265" errors="0" timestamp="2025-04-08T14:09:51 IST" skipped="0">
  <testcase classname="tests.LoginTest" name="testLogin" time="6.026"/>
  <system-out/>
  <testcase classname="tests.LoginTest" name="testLogin" time="9.208"/>
  <system-out/>
  <testcase classname="tests.LoginTest" name="testLogin" time="8.031"/>
  <system-out/>
</testsuite> <!-- tests.LoginTest -->
